/nfs/research/jlees/jacqueline/atb_analyses/merge_tests/COG_merge/graph_merged/mmseqs_alignments.m8 exists and will be overwritten
easy-search /nfs/research/jlees/jacqueline/atb_analyses/merge_tests/COG_merge/graph_1/pan_genome_reference.fa /nfs/research/jlees/jacqueline/atb_analyses/merge_tests/COG_merge/graph_2/pan_genome_reference.fa /nfs/research/jlees/jacqueline/atb_analyses/merge_tests/COG_merge/graph_merged/mmseqs_alignments.m8 /nfs/research/jlees/jacqueline/atb_analyses/merge_tests/COG_merge/graph_merged/tmp --search-type 2 --format-mode 4 --format-output query,target,fident,nident,alnlen,qlen,tlen,evalue 

MMseqs Version:                        	17.b804f
Substitution matrix                    	aa:blosum62.out,nucl:nucleotide.out
Add backtrace                          	false
Alignment mode                         	3
Alignment mode                         	0
Allow wrapped scoring                  	false
E-value threshold                      	0.001
Seq. id. threshold                     	0
Min alignment length                   	0
Seq. id. mode                          	0
Alternative alignments                 	0
Coverage threshold                     	0
Coverage mode                          	0
Max sequence length                    	65535
Compositional bias                     	1
Compositional bias                     	1
Max reject                             	2147483647
Max accept                             	2147483647
Include identical seq. id.             	false
Preload mode                           	0
Pseudo count a                         	substitution:1.100,context:1.400
Pseudo count b                         	substitution:4.100,context:5.800
Score bias                             	0
Realign hits                           	false
Realign score bias                     	-0.2
Realign max seqs                       	2147483647
Correlation score weight               	0
Gap open cost                          	aa:11,nucl:5
Gap extension cost                     	aa:1,nucl:2
Zdrop                                  	40
Threads                                	48
Compressed                             	0
Verbosity                              	3
Seed substitution matrix               	aa:VTML80.out,nucl:nucleotide.out
Sensitivity                            	5.7
k-mer length                           	0
Target search mode                     	0
k-score                                	seq:2147483647,prof:2147483647
Alphabet size                          	aa:21,nucl:5
Max results per query                  	300
Split database                         	0
Split mode                             	2
Split memory limit                     	0
Diagonal scoring                       	true
Exact k-mer matching                   	0
Mask residues                          	1
Mask residues probability              	0.9
Mask lower case residues               	0
Mask lower letter repeating N times    	0
Minimum diagonal score                 	15
Selected taxa                          	
Spaced k-mers                          	1
Spaced k-mer pattern                   	
Local temporary path                   	
Use GPU                                	0
Use GPU server                         	0
Wait for GPU server                    	600
Prefilter mode                         	0
Rescore mode                           	0
Remove hits by seq. id. and coverage   	false
Sort results                           	0
Mask profile                           	1
Profile E-value threshold              	0.001
Global sequence weighting              	false
Allow deletions                        	false
Filter MSA                             	1
Use filter only at N seqs              	0
Maximum seq. id. threshold             	0.9
Minimum seq. id.                       	0.0
Minimum score per column               	-20
Minimum coverage                       	0
Select N most diverse seqs             	1000
Pseudo count mode                      	0
Profile output mode                    	0
Min codons in orf                      	30
Max codons in length                   	32734
Max orf gaps                           	2147483647
Contig start mode                      	2
Contig end mode                        	2
Orf start mode                         	1
Forward frames                         	1,2,3
Reverse frames                         	1,2,3
Translation table                      	1
Translate orf                          	0
Use all table starts                   	false
Offset of numeric ids                  	0
Create lookup                          	0
Overlap between sequences              	0
Sequence split mode                    	1
Header split mode                      	0
Chain overlapping alignments           	0
Merge query                            	1
Search type                            	2
Search iterations                      	1
Start sensitivity                      	4
Search steps                           	1
Exhaustive search mode                 	false
Filter results during exhaustive search	0
Strand selection                       	1
LCA search mode                        	false
Disk space limit                       	0
MPI runner                             	
Force restart with latest tmp          	false
Remove temporary files                 	true
Translation mode                       	0
Alignment format                       	4
Format alignment output                	query,target,fident,nident,alnlen,qlen,tlen,evalue
Database output                        	false
Overlap threshold                      	0
Database type                          	0
Shuffle input database                 	true
Createdb mode                          	0
Write lookup file                      	0
Greedy best hits                       	false

createdb /nfs/research/jlees/jacqueline/atb_analyses/merge_tests/COG_merge/graph_1/pan_genome_reference.fa /nfs/research/jlees/jacqueline/atb_analyses/merge_tests/COG_merge/graph_merged/tmp/8713526405961556883/query --dbtype 0 --shuffle 0 --createdb-mode 0 --write-lookup 0 --id-offset 0 --compressed 0 -v 3 

Converting sequences
[
Time for merging to query_h: 0h 0m 0s 2ms
Time for merging to query: 0h 0m 0s 2ms
Database type: Nucleotide
Time for processing: 0h 0m 0s 118ms
createdb /nfs/research/jlees/jacqueline/atb_analyses/merge_tests/COG_merge/graph_2/pan_genome_reference.fa /nfs/research/jlees/jacqueline/atb_analyses/merge_tests/COG_merge/graph_merged/tmp/8713526405961556883/target --dbtype 0 --shuffle 1 --createdb-mode 0 --write-lookup 0 --id-offset 0 --compressed 0 -v 3 

Converting sequences
[
Time for merging to target_h: 0h 0m 0s 140ms
Time for merging to target: 0h 0m 0s 131ms
Database type: Nucleotide
Time for processing: 0h 0m 0s 675ms
Create directory /nfs/research/jlees/jacqueline/atb_analyses/merge_tests/COG_merge/graph_merged/tmp/8713526405961556883/search_tmp
search /nfs/research/jlees/jacqueline/atb_analyses/merge_tests/COG_merge/graph_merged/tmp/8713526405961556883/query /nfs/research/jlees/jacqueline/atb_analyses/merge_tests/COG_merge/graph_merged/tmp/8713526405961556883/target /nfs/research/jlees/jacqueline/atb_analyses/merge_tests/COG_merge/graph_merged/tmp/8713526405961556883/result /nfs/research/jlees/jacqueline/atb_analyses/merge_tests/COG_merge/graph_merged/tmp/8713526405961556883/search_tmp --alignment-mode 3 -s 5.7 --search-type 2 --remove-tmp-files 1 

extractorfs /nfs/research/jlees/jacqueline/atb_analyses/merge_tests/COG_merge/graph_merged/tmp/8713526405961556883/query /nfs/research/jlees/jacqueline/atb_analyses/merge_tests/COG_merge/graph_merged/tmp/8713526405961556883/search_tmp/5479442276979188873/q_orfs_aa --min-length 30 --max-length 32734 --max-gaps 2147483647 --contig-start-mode 2 --contig-end-mode 2 --orf-start-mode 1 --forward-frames 1,2,3 --reverse-frames 1,2,3 --translation-table 1 --translate 1 --use-all-table-starts 0 --id-offset 0 --create-lookup 0 --threads 48 --compressed 0 -v 3 

[=================================================================] 257 0s 46ms
Time for merging to q_orfs_aa_h: 0h 0m 0s 209ms
Time for merging to q_orfs_aa: 0h 0m 0s 204ms
Time for processing: 0h 0m 0s 817ms
extractorfs /nfs/research/jlees/jacqueline/atb_analyses/merge_tests/COG_merge/graph_merged/tmp/8713526405961556883/target /nfs/research/jlees/jacqueline/atb_analyses/merge_tests/COG_merge/graph_merged/tmp/8713526405961556883/search_tmp/5479442276979188873/t_orfs_aa --min-length 30 --max-length 32734 --max-gaps 2147483647 --contig-start-mode 2 --contig-end-mode 2 --orf-start-mode 1 --forward-frames 1,2,3 --reverse-frames 1,2,3 --translation-table 1 --translate 1 --use-all-table-starts 0 --id-offset 0 --create-lookup 0 --threads 48 --compressed 0 -v 3 

[=================================================================] 267 0s 14ms
Time for merging to t_orfs_aa_h: 0h 0m 0s 198ms
Time for merging to t_orfs_aa: 0h 0m 0s 201ms
Time for processing: 0h 0m 0s 796ms
prefilter /nfs/research/jlees/jacqueline/atb_analyses/merge_tests/COG_merge/graph_merged/tmp/8713526405961556883/search_tmp/5479442276979188873/q_orfs_aa /nfs/research/jlees/jacqueline/atb_analyses/merge_tests/COG_merge/graph_merged/tmp/8713526405961556883/search_tmp/5479442276979188873/t_orfs_aa /nfs/research/jlees/jacqueline/atb_analyses/merge_tests/COG_merge/graph_merged/tmp/8713526405961556883/search_tmp/5479442276979188873/search/pref_0 --sub-mat 'aa:blosum62.out,nucl:nucleotide.out' --seed-sub-mat 'aa:VTML80.out,nucl:nucleotide.out' -k 0 --target-search-mode 0 --k-score seq:2147483647,prof:2147483647 --alph-size aa:21,nucl:5 --max-seq-len 65535 --max-seqs 300 --split 0 --split-mode 2 --split-memory-limit 0 -c 0 --cov-mode 0 --comp-bias-corr 1 --comp-bias-corr-scale 1 --diag-score 1 --exact-kmer-matching 0 --mask 1 --mask-prob 0.9 --mask-lower-case 0 --mask-n-repeat 0 --min-ungapped-score 15 --add-self-matches 0 --spaced-kmer-mode 1 --db-load-mode 0 --pca substitution:1.100,context:1.400 --pcb substitution:4.100,context:5.800 --threads 48 --compressed 0 -v 3 -s 5.7 

Query database size: 2848 type: Aminoacid
Estimated memory consumption: 986M
Target database size: 3026 type: Aminoacid
Index table k-mer threshold: 112 at k-mer size 6 
Index table: counting k-mers
[=================================================================] 3.03K 0s 5ms
Index table: Masked residues: 238
Index table: fill
[=================================================================] 3.03K 0s 8ms
Index statistics
Entries:          178732
DB size:          489 MB
Avg k-mer size:   0.002793
Top 10 k-mers
    RHGIDD	9
    FIWDDI	6
    SLSLSL	6
    SLDFFS	6
    LLRLLS	6
    SLSSLS	6
    KVSVSS	6
    LYLLQA	5
    FRLQQA	5
    LKIFSA	5
Time for index table init: 0h 0m 0s 362ms
Process prefiltering step 1 of 1

k-mer similarity threshold: 112
Starting prefiltering scores calculation (step 1 of 1)
Query db start 1 to 2848
Target db start 1 to 3026
[=================================================================] 2.85K 0s 151ms

235.489742 k-mers per position
101 DB matches per sequence
0 overflows
1 sequences passed prefiltering per query sequence
1 median result list length
570 sequences with 0 size result lists
Time for merging to pref_0: 0h 0m 0s 143ms
Time for processing: 0h 0m 1s 113ms
align /nfs/research/jlees/jacqueline/atb_analyses/merge_tests/COG_merge/graph_merged/tmp/8713526405961556883/search_tmp/5479442276979188873/q_orfs_aa /nfs/research/jlees/jacqueline/atb_analyses/merge_tests/COG_merge/graph_merged/tmp/8713526405961556883/search_tmp/5479442276979188873/t_orfs_aa /nfs/research/jlees/jacqueline/atb_analyses/merge_tests/COG_merge/graph_merged/tmp/8713526405961556883/search_tmp/5479442276979188873/search/pref_0 /nfs/research/jlees/jacqueline/atb_analyses/merge_tests/COG_merge/graph_merged/tmp/8713526405961556883/search_tmp/5479442276979188873/aln --sub-mat 'aa:blosum62.out,nucl:nucleotide.out' -a 0 --alignment-mode 3 --alignment-output-mode 0 --wrapped-scoring 0 -e 0.001 --min-seq-id 0 --min-aln-len 0 --seq-id-mode 0 --alt-ali 0 -c 0 --cov-mode 0 --max-seq-len 65535 --comp-bias-corr 1 --comp-bias-corr-scale 1 --max-rejected 2147483647 --max-accept 2147483647 --add-self-matches 0 --db-load-mode 0 --pca substitution:1.100,context:1.400 --pcb substitution:4.100,context:5.800 --score-bias 0 --realign 0 --realign-score-bias -0.2 --realign-max-seqs 2147483647 --corr-score-weight 0 --gap-open aa:11,nucl:5 --gap-extend aa:1,nucl:2 --zdrop 40 --threads 48 --compressed 0 -v 3 

Compute score, coverage and sequence identity
Query database size: 2848 type: Aminoacid
Target database size: 3026 type: Aminoacid
Calculation of alignments
[=================================================================] 2.85K 0s 77ms
Time for merging to aln: 0h 0m 0s 121ms
5530 alignments calculated
3078 sequence pairs passed the thresholds (0.556600 of overall calculated)
1.080758 hits per query sequence
Time for processing: 0h 0m 0s 381ms
rmdb /nfs/research/jlees/jacqueline/atb_analyses/merge_tests/COG_merge/graph_merged/tmp/8713526405961556883/search_tmp/5479442276979188873/search/pref_0 -v 3 

Time for processing: 0h 0m 0s 125ms
rmdb /nfs/research/jlees/jacqueline/atb_analyses/merge_tests/COG_merge/graph_merged/tmp/8713526405961556883/search_tmp/5479442276979188873/search/aln_0 -v 3 

Time for processing: 0h 0m 0s 1ms
rmdb /nfs/research/jlees/jacqueline/atb_analyses/merge_tests/COG_merge/graph_merged/tmp/8713526405961556883/search_tmp/5479442276979188873/search/input_0 -v 3 

Time for processing: 0h 0m 0s 1ms
rmdb /nfs/research/jlees/jacqueline/atb_analyses/merge_tests/COG_merge/graph_merged/tmp/8713526405961556883/search_tmp/5479442276979188873/search/aln_merge -v 3 

Time for processing: 0h 0m 0s 0ms
offsetalignment /nfs/research/jlees/jacqueline/atb_analyses/merge_tests/COG_merge/graph_merged/tmp/8713526405961556883/query /nfs/research/jlees/jacqueline/atb_analyses/merge_tests/COG_merge/graph_merged/tmp/8713526405961556883/search_tmp/5479442276979188873/q_orfs_aa /nfs/research/jlees/jacqueline/atb_analyses/merge_tests/COG_merge/graph_merged/tmp/8713526405961556883/target /nfs/research/jlees/jacqueline/atb_analyses/merge_tests/COG_merge/graph_merged/tmp/8713526405961556883/search_tmp/5479442276979188873/t_orfs_aa /nfs/research/jlees/jacqueline/atb_analyses/merge_tests/COG_merge/graph_merged/tmp/8713526405961556883/search_tmp/5479442276979188873/aln /nfs/research/jlees/jacqueline/atb_analyses/merge_tests/COG_merge/graph_merged/tmp/8713526405961556883/result --chain-alignments 0 --merge-query 1 --search-type 2 --threads 48 --compressed 0 --db-load-mode 0 -v 3 

Computing ORF lookup
Computing contig offsets
Computing contig lookup
Time for contig lookup: 0h 0m 0s 1ms
Writing results to: /nfs/research/jlees/jacqueline/atb_analyses/merge_tests/COG_merge/graph_merged/tmp/8713526405961556883/result
[=================================================================] 257 0s 2ms

Time for merging to result: 0h 0m 0s 104ms
Time for processing: 0h 0m 0s 281ms
rmdb /nfs/research/jlees/jacqueline/atb_analyses/merge_tests/COG_merge/graph_merged/tmp/8713526405961556883/search_tmp/5479442276979188873/q_orfs_aa -v 3 

Time for processing: 0h 0m 0s 7ms
rmdb /nfs/research/jlees/jacqueline/atb_analyses/merge_tests/COG_merge/graph_merged/tmp/8713526405961556883/search_tmp/5479442276979188873/t_orfs_aa -v 3 

Time for processing: 0h 0m 0s 7ms
rmdb /nfs/research/jlees/jacqueline/atb_analyses/merge_tests/COG_merge/graph_merged/tmp/8713526405961556883/search_tmp/5479442276979188873/aln -v 3 

Time for processing: 0h 0m 0s 81ms
/nfs/research/jlees/jacqueline/atb_analyses/merge_tests/COG_merge/graph_merged/mmseqs_alignments.m8 exists and will be overwritten
convertalis /nfs/research/jlees/jacqueline/atb_analyses/merge_tests/COG_merge/graph_merged/tmp/8713526405961556883/query /nfs/research/jlees/jacqueline/atb_analyses/merge_tests/COG_merge/graph_merged/tmp/8713526405961556883/target /nfs/research/jlees/jacqueline/atb_analyses/merge_tests/COG_merge/graph_merged/tmp/8713526405961556883/result /nfs/research/jlees/jacqueline/atb_analyses/merge_tests/COG_merge/graph_merged/mmseqs_alignments.m8 --sub-mat 'aa:blosum62.out,nucl:nucleotide.out' --format-mode 4 --format-output query,target,fident,nident,alnlen,qlen,tlen,evalue --translation-table 1 --gap-open aa:11,nucl:5 --gap-extend aa:1,nucl:2 --db-output 0 --db-load-mode 0 --search-type 2 --threads 48 --compressed 0 -v 3 

[=================================================================] 257 0s 3ms
Time for merging to mmseqs_alignments.m8: 0h 0m 0s 161ms
Time for processing: 0h 0m 0s 327ms
rmdb /nfs/research/jlees/jacqueline/atb_analyses/merge_tests/COG_merge/graph_merged/tmp/8713526405961556883/result -v 3 

Time for processing: 0h 0m 0s 60ms
rmdb /nfs/research/jlees/jacqueline/atb_analyses/merge_tests/COG_merge/graph_merged/tmp/8713526405961556883/target -v 3 

Time for processing: 0h 0m 0s 7ms
rmdb /nfs/research/jlees/jacqueline/atb_analyses/merge_tests/COG_merge/graph_merged/tmp/8713526405961556883/target_h -v 3 

Time for processing: 0h 0m 0s 5ms
rmdb /nfs/research/jlees/jacqueline/atb_analyses/merge_tests/COG_merge/graph_merged/tmp/8713526405961556883/query -v 3 

Time for processing: 0h 0m 0s 7ms
rmdb /nfs/research/jlees/jacqueline/atb_analyses/merge_tests/COG_merge/graph_merged/tmp/8713526405961556883/query_h -v 3 

Time for processing: 0h 0m 0s 5ms
