Building DAG of jobs...
Using shell: /bin/bash
Provided cores: 1 (use --cores to define parallelism)
Rules claiming more threads will be scaled down.
Job stats:
job                         count
------------------------  -------
poppunk_assign                  1
poppunk_to_cluster_lists        1
total                           2

Select jobs to execute...

[Fri Jan 30 14:54:56 2026]
checkpoint poppunk_assign:
    input: /nfs/research/jlees/jacqueline/atb_analyses/species_pangenomes/s_pneumoniae/pp_sketchlib/fasta_paths.txt
    output: results/poppunk/assign, results/poppunk/assign/done.txt
    jobid: 1
    reason: Missing output files: results/poppunk/assign, results/poppunk/assign/done.txt
    resources: tmpdir=/tmp
DAG of jobs will be updated after completion.

[Fri Jan 30 14:54:56 2026]
Error in rule poppunk_assign:
    jobid: 1
    input: /nfs/research/jlees/jacqueline/atb_analyses/species_pangenomes/s_pneumoniae/pp_sketchlib/fasta_paths.txt
    output: results/poppunk/assign, results/poppunk/assign/done.txt
    shell:
        
        mkdir -p results/poppunk/assign
        poppunk_assign --db /nfs/research/jlees/jacqueline/poppunk_dbs/s_pneumo_all/GPS_v4 \
            --query /nfs/research/jlees/jacqueline/atb_analyses/species_pangenomes/s_pneumoniae/pp_sketchlib/fasta_paths.txt \
            --threads 1 \
            --output results/poppunk/assign \
            --serial
        echo "ok" > results/poppunk/assign/done.txt
        
        (one of the commands exited with non-zero exit code; note that snakemake uses bash strict mode!)

Removing output files of failed job poppunk_assign since they might be corrupted:
results/poppunk/assign
Shutting down, this might take some time.
Exiting because a job execution failed. Look above for error message
Complete log: .snakemake/log/2026-01-30T145453.469716.snakemake.log
