Building DAG of jobs...
Using shell: /bin/bash
Provided cores: 1 (use --cores to define parallelism)
Rules claiming more threads will be scaled down.
Job stats:
job                         count
------------------------  -------
poppunk_assign                  1
poppunk_to_cluster_lists        1
total                           2

Select jobs to execute...

[Fri Jan 30 14:53:00 2026]
checkpoint poppunk_assign:
    input: /nfs/research/jlees/jacqueline/atb_analyses/species_pangenomes/s_pneumoniae/pp_sketchlib/fasta_paths.txt
    output: results/poppunk/assign, results/poppunk/assign/done.txt
    jobid: 1
    reason: Missing output files: results/poppunk/assign/done.txt, results/poppunk/assign
    resources: tmpdir=/tmp
DAG of jobs will be updated after completion.

RuleException in rule poppunk_assign in file /hps/software/users/jlees/jacqueline/pangenome_merge/snakemake/Snakefile, line 15:
NameError: The name '"poppunk_db"' is unknown in this context. Please make sure that you defined that variable. Also note that braces not used for variable access have to be escaped by repeating them, i.e. {{print $1}}, when formatting the following:

        mkdir -p {output.outdir}
        poppunk_assign --db {config["poppunk_db"]} \
            --query {input.assemblies} \
            --threads {threads} \
            --output {output.outdir} \
            --serial
        echo "ok" > {output.done}
        
